acpi
acpid
alsa-firmware
alsa-utils
anaconda
android-tools
android-udev
apparmor
appimagelauncher
archlinuxcn-keyring
ark
autoconf
automake
avahi
b43-fwcutter
barrier
bash
bat
bauh
binutils
bison
bluedevil
btrfs-progs
bumblebee
bzip2
cantata
caprine
cdparanoia
cdrdao
chromium-vaapi
code
coreutils
cpupower
crda
cronie
cryptsetup
device-mapper
dhclient
dhcpcd
diffutils
dmidecode
dmraid
dnsmasq
dolphin
dolphin-plugins
dosfstools
dvd+rw-tools
e2fsprogs
ecryptfs-utils
efibootmgr
emovix
exa
exfat-utils
f2fs-tools
fakeroot
ffmpeg
ffmpegthumbs
file
filelight
filesystem
findutils
firefox
flatpak
flex
fwupd
fzf
gawk
gcc
gcc-libs
gcolor2
gconf
gettext
gimp
git
glibc
gnome-icon-theme
gnome-keyring
gnome-themes-extra
grc
grep
grub
grub-theme-manjaro
gst-libav
gst-plugins-bad
gst-plugins-base
gst-plugins-good
gst-plugins-ugly
gtk3
gvfs
gvfs-afc
gvfs-gphoto2
gvfs-mtp
gvfs-nfs
gvfs-smb
gwenview
gzip
htop
illyria-wallpaper
imagewriter
inetutils
inkscape
intel-ucode
inxi
iproute2
iputils
jfsutils
k3b
kaccounts-providers
kamera
kate
kcalc
kde-gtk-config
kde-servicemenus-rootactions
kdeconnect
kdegraphics-thumbnailers
kdenetwork-filesharing
kdeplasma-addons
keditbookmarks
kernel-alive
kfind
kgamma5
kget
khelpcenter
khotkeys
kimageformats
kinfocenter
kio-extras
kitty-terminfo
kmenuedit
konsole
konversation
kscreen
kscreenlocker
ksshaskpass
ksysguard
ksystemlog
kvantum-qt5
kwallet-pam
kwalletmanager
kwayland-integration
kwin
kwrited
less
lib32-flex
lib32-libcanberra
lib32-libcanberra-pulse
lib32-libva-intel-driver
lib32-libva-mesa-driver
lib32-libva-vdpau-driver
lib32-mesa-demos
lib32-nvidia-390xx-utils
lib32-primus
libcanberra
libcanberra-gstreamer
libcanberra-pulse
libdvdcss
libktorrent
libreoffice-still
libtool
libva-intel-driver
libva-mesa-driver
libva-vdpau-driver
licenses
linux54
linux54-bbswitch
linux54-nvidia-390xx
logrotate
lvm2
m4
make
man-db
man-pages
manjaro-alsa
manjaro-application-utility
manjaro-browser-settings
manjaro-documentation-en
manjaro-firmware
manjaro-hello
manjaro-hotfixes
manjaro-kde-settings-19.0
manjaro-printer
manjaro-pulse
manjaro-release
manjaro-settings-manager-kcm
manjaro-settings-manager-knotifier
manjaro-system
manjaro-wallpapers-18.0
mdadm
memtest86+
mesa-demos
mhwd
mhwd-db
milou
mkinitcpio-openswap
mlocate
mobile-broadband-provider-info
modemmanager
mpd
mtpfs
nano
neovim
nerd-fonts-fira-code
networkmanager
networkmanager-openconnect
networkmanager-openvpn
networkmanager-pptp
networkmanager-vpnc
nfs-utils
noto-fonts
noto-fonts-cjk
noto-fonts-emoji
nss-mdns
ntfs-3g
ntp
numlockx
nvidia-390xx-utils
okular
openresolv
openssh
os-prober
oxygen
oxygen-icons
p7zip
pacman
pacmanlogviewer
pamac-cli
pamac-gtk
pamac-snap-plugin
pamac-tray-appindicator
partitionmanager
pastebinit
patch
patchutils
pbzip2
pciutils
perl
perl-file-mimeinfo
perl-uri
phonon-qt5-gstreamer
pigz
pkgconf
plasma-desktop
plasma-nm
plasma-pa
plasma-sdk
plasma-simplemenu
plasma-workspace
plasma-workspace-wallpapers
poppler-data
powerdevil
powertop
print-manager
procps-ng
psmisc
pulseaudio-bluetooth
pulseaudio-ctl
pulseaudio-zeroconf
python-pillow
python-pip
python-pygments
python-pyqt5
python-pysmbc
python-reportlab
qbittorrent
qt5-imageformats
qt5-virtualkeyboard
ranger
reiserfsprogs
ripgrep
rsync
ruby
s-nail
samba
screenfetch
screenkey
sddm
sddm-breath2-theme
sddm-kcm
sed
shadow
skanlite
snapd
snapd-glib
spectacle
spectre-meltdown-checker
spotify
sshfs
steam-manjaro
subversion
sudo
sysfsutils
system-config-printer
systemd
systemd-fsck-silent
systemd-kcm
systemd-sysvcompat
systemsettings
tar
terminus-font
texinfo
thunderbird
timeshift
tlp
transcode
tree
ttf-bitstream-vera
ttf-droid
ttf-inconsolata
ttf-indic-otf
ttf-liberation
ttf-roboto
ttf-roboto-mono
udiskie
udisks2
unarchiver
unzip
usb_modeswitch
usbutils
user-manager
util-linux
vcdimager
vi
vlc
wallpapers-2018
wallpapers-juhraya
wget
wgetpaste
which
wine-staging
winetricks
wpa_supplicant
xdg-desktop-portal
xdg-desktop-portal-kde
xdg-user-dirs
xdg-utils
xf86-input-elographics
xf86-input-evdev
xf86-input-libinput
xf86-input-void
xf86-video-intel
xfsprogs
xorg-server
xorg-twm
xorg-xbacklight
xorg-xev
xorg-xinit
xorg-xinput
xorg-xkill
xz
yakuake
zsh
